<html>
<head>
<title>TestNG:  Default test</title>
<link href="../testng.css" rel="stylesheet" type="text/css" />
<link href="../my-testng.css" rel="stylesheet" type="text/css" />

<style type="text/css">
.log { display: none;} 
.stack-trace { display: none;} 
</style>
<script type="text/javascript">
<!--
function flip(e) {
  current = e.style.display;
  if (current == 'block') {
    e.style.display = 'none';
    return 0;
  }
  else {
    e.style.display = 'block';
    return 1;
  }
}

function toggleBox(szDivId, elem, msg1, msg2)
{
  var res = -1;  if (document.getElementById) {
    res = flip(document.getElementById(szDivId));
  }
  else if (document.all) {
    // this is the way old msie versions work
    res = flip(document.all[szDivId]);
  }
  if(elem) {
    if(res == 0) elem.innerHTML = msg1; else elem.innerHTML = msg2;
  }

}

function toggleAllBoxes() {
  if (document.getElementsByTagName) {
    d = document.getElementsByTagName('div');
    for (i = 0; i < d.length; i++) {
      if (d[i].className == 'log') {
        flip(d[i]);
      }
    }
  }
}

// -->
</script>

</head>
<body>
<h2 align='center'>Default test</h2><table border='1' align="center">
<tr>
<td>Tests passed/Failed/Skipped:</td><td>4/0/0</td>
</tr><tr>
<td>Started on:</td><td>Mon Dec 24 02:06:16 CET 2012</td>
</tr>
<tr><td>Total time:</td><td>0 seconds (104 ms)</td>
</tr><tr>
<td>Included groups:</td><td></td>
</tr><tr>
<td>Excluded groups:</td><td></td>
</tr>
</table><p/>
<small><i>(Hover the method name to see the test class name)</i></small><p/>
<table width='100%' border='1' class='invocation-passed'>
<tr><td colspan='4' align='center'><b>PASSED TESTS</b></td></tr>
<tr><td><b>Test method</b></td>
<td width="30%"><b>Exception</b></td>
<td width="10%"><b>Time (seconds)</b></td>
<td><b>Instance</b></td>
</tr>
<tr>
<td title='de.hackerspacebremen.transformer.SpeakingDateTransformerTest.testEnglish()'><b>testEnglish</b><br>Test class: de.hackerspacebremen.transformer.SpeakingDateTransformerTest</td>
<td></td>
<td>0</td>
<td>de.hackerspacebremen.transformer.SpeakingDateTransformerTest@5ff06dc3</td></tr>
<tr>
<td title='de.hackerspacebremen.transformer.SpeakingDateTransformerTest.testGerman()'><b>testGerman</b><br>Test class: de.hackerspacebremen.transformer.SpeakingDateTransformerTest</td>
<td></td>
<td>0</td>
<td>de.hackerspacebremen.transformer.SpeakingDateTransformerTest@5ff06dc3</td></tr>
<tr>
<td title='de.hackerspacebremen.transformer.SpeakingDateTransformerTest.testWithoutFormat()'><b>testWithoutFormat</b><br>Test class: de.hackerspacebremen.transformer.SpeakingDateTransformerTest</td>
<td></td>
<td>0</td>
<td>de.hackerspacebremen.transformer.SpeakingDateTransformerTest@5ff06dc3</td></tr>
<tr>
<td title='de.hackerspacebremen.transformer.SpeakingDateTransformerTest.wrongUsageTest()'><b>wrongUsageTest</b><br>Test class: de.hackerspacebremen.transformer.SpeakingDateTransformerTest</td>
<td><div><pre>flexjson.JSONException: Error trying to deepSerialize
	at flexjson.transformer.ObjectTransformer.transform(ObjectTransformer.java:61)
	at flexjson.transformer.TransformerWrapper.transform(TransformerWrapper.java:22)
	at flexjson.JSONContext.transform(JSONContext.java:73)
	at flexjson.JSONSerializer.serialize(JSONSerializer.java:377)
	at flexjson.JSONSerializer.serialize(JSONSerializer.java:235)
	at de.hackerspacebremen.transformer.SpeakingDateTransformerTest.wrongUsageTest(SpeakingDateTransformerTest.java:99)
	at sun.reflect.NativeMethodAccessorImpl.invoke0(Native Method)
	at sun.reflect.NativeMethodAccessorImpl.invoke(Unknown Source)
	at sun.reflect.DelegatingMethodAccessorImpl.invoke(Unknown Source)
	at java.lang.reflect.Method.invoke(Unknown Source)
	at org.testng.internal.MethodInvocationHelper.invokeMethod(MethodInvocationHelper.java:80)
	at org.testng.internal.Invoker.invokeMethod(Invoker.java:714)
	at org.testng.internal.Invoker.invokeTestMethod(Invoker.java:901)
	at org.testng.internal.Invoker.invokeTestMethods(Invoker.java:1231)
	at org.testng.internal.TestMethodWorker.invokeTestMethods(TestMethodWorker.java:128)
	at org.testng.internal.TestMethodWorker.run(TestMethodWorker.java:111)
	at org.testng.TestRunner.privateRun(TestRunner.java:767)
	at org.testng.TestRunner.run(TestRunner.java:617)
	at org.testng.SuiteRunner.runTest(SuiteRunner.java:334)
	at org.testng.SuiteRunner.runSequentially(SuiteRunner.java:329)
	at org.testng.SuiteRunner.privateRun(SuiteRunner.java:291)
	at org.testng.SuiteRunner.run(SuiteRunner.java:240)
	at org.testng.SuiteRunnerWorker.runSuite(SuiteRunnerWorker.java:52)
	at org.testng.SuiteRunnerWorker.run(SuiteRunnerWorker.java:86)
	at org.testng.TestNG.runSuitesSequentially(TestNG.java:1203)
	at org.testng.TestNG.runSuitesLocally(TestNG.java:1128)
	at org.testng.TestNG.run(TestNG.java:1036)
	at org.testng.remote.RemoteTestNG.run(RemoteTestNG.java:111)
	at org.testng.remote.RemoteTestNG.initAndRun(RemoteTestNG.java:204)
	at org.testng.remote.RemoteTestNG.main(RemoteTestNG.java:175)
Caused by: java.lang.ClassCastException: com.google.appengine.api.datastore.Text cannot be cast to java.lang.Long
	at de.hackerspacebremen.transformer.SpeakingDateTransformer.transform(SpeakingDateTransformer.java:76)
	at flexjson.transformer.TransformerWrapper.transform(TransformerWrapper.java:22)
	at flexjson.transformer.ObjectTransformer.transform(ObjectTransformer.java:49)
	... 29 more
</pre></div><a href='#' onClick='toggleBox("stack-trace441502220", this, "Click to show all stack frames", "Click to hide stack frames")'>Click to show all stack frames</a>
<div class='stack-trace' id='stack-trace441502220'><pre>flexjson.JSONException: Error trying to deepSerialize
	at flexjson.transformer.ObjectTransformer.transform(ObjectTransformer.java:61)
	at flexjson.transformer.TransformerWrapper.transform(TransformerWrapper.java:22)
	at flexjson.JSONContext.transform(JSONContext.java:73)
	at flexjson.JSONSerializer.serialize(JSONSerializer.java:377)
	at flexjson.JSONSerializer.serialize(JSONSerializer.java:235)
	at de.hackerspacebremen.transformer.SpeakingDateTransformerTest.wrongUsageTest(SpeakingDateTransformerTest.java:99)
	at sun.reflect.NativeMethodAccessorImpl.invoke0(Native Method)
	at sun.reflect.NativeMethodAccessorImpl.invoke(Unknown Source)
	at sun.reflect.DelegatingMethodAccessorImpl.invoke(Unknown Source)
	at java.lang.reflect.Method.invoke(Unknown Source)
	at org.testng.internal.MethodInvocationHelper.invokeMethod(MethodInvocationHelper.java:80)
	at org.testng.internal.Invoker.invokeMethod(Invoker.java:714)
	at org.testng.internal.Invoker.invokeTestMethod(Invoker.java:901)
	at org.testng.internal.Invoker.invokeTestMethods(Invoker.java:1231)
	at org.testng.internal.TestMethodWorker.invokeTestMethods(TestMethodWorker.java:128)
	at org.testng.internal.TestMethodWorker.run(TestMethodWorker.java:111)
	at org.testng.TestRunner.privateRun(TestRunner.java:767)
	at org.testng.TestRunner.run(TestRunner.java:617)
	at org.testng.SuiteRunner.runTest(SuiteRunner.java:334)
	at org.testng.SuiteRunner.runSequentially(SuiteRunner.java:329)
	at org.testng.SuiteRunner.privateRun(SuiteRunner.java:291)
	at org.testng.SuiteRunner.run(SuiteRunner.java:240)
	at org.testng.SuiteRunnerWorker.runSuite(SuiteRunnerWorker.java:52)
	at org.testng.SuiteRunnerWorker.run(SuiteRunnerWorker.java:86)
	at org.testng.TestNG.runSuitesSequentially(TestNG.java:1203)
	at org.testng.TestNG.runSuitesLocally(TestNG.java:1128)
	at org.testng.TestNG.run(TestNG.java:1036)
	at org.testng.remote.RemoteTestNG.run(RemoteTestNG.java:111)
	at org.testng.remote.RemoteTestNG.initAndRun(RemoteTestNG.java:204)
	at org.testng.remote.RemoteTestNG.main(RemoteTestNG.java:175)
Caused by: java.lang.ClassCastException: com.google.appengine.api.datastore.Text cannot be cast to java.lang.Long
	at de.hackerspacebremen.transformer.SpeakingDateTransformer.transform(SpeakingDateTransformer.java:76)
	at flexjson.transformer.TransformerWrapper.transform(TransformerWrapper.java:22)
	at flexjson.transformer.ObjectTransformer.transform(ObjectTransformer.java:49)
	... 29 more
</pre></div></td>
<td>0</td>
<td>de.hackerspacebremen.transformer.SpeakingDateTransformerTest@5ff06dc3</td></tr>
</table><p>
</body>
</html>