<!DOCTYPE html PUBLIC "-//W3C//DTD XHTML 1.1//EN" "http://www.w3.org/TR/xhtml11/DTD/xhtml11.dtd">
<html xmlns="http://www.w3.org/1999/xhtml"><head><title>TestNG Report</title><style type="text/css">table {margin-bottom:10px;border-collapse:collapse;empty-cells:show}th,td {border:1px solid #009;padding:.25em .5em}th {vertical-align:bottom}td {vertical-align:top}table a {font-weight:bold}.stripe td {background-color: #E6EBF9}.num {text-align:right}.passedodd td {background-color: #3F3}.passedeven td {background-color: #0A0}.skippedodd td {background-color: #DDD}.skippedeven td {background-color: #CCC}.failedodd td,.attn {background-color: #F33}.failedeven td,.stripe .attn {background-color: #D00}.stacktrace {white-space:pre;font-family:monospace}.totop {font-size:85%;text-align:center;border-bottom:2px solid #000}</style></head><body><table><tr><th>Test</th><th># Passed</th><th># Skipped</th><th># Failed</th><th>Time (ms)</th><th>Included Groups</th><th>Excluded Groups</th></tr><tr><th colspan="7">Default suite</th></tr><tr><td><a href="#t0">Default test</a></td><td class="num">4</td><td class="num">0</td><td class="num">0</td><td class="num">104</td><td></td><td></td></tr></table><table><thead><tr><th>Class</th><th>Method</th><th>Start</th><th>Time (ms)</th></tr></thead><tbody><tr><th colspan="4">Default suite</th></tr></tbody><tbody id="t0"><tr><th colspan="4">Default test &#8212; passed</th></tr><tr class="passedeven"><td rowspan="4">de.hackerspacebremen.transformer.SpeakingDateTransformerTest</td><td><a href="#m0">testEnglish</a></td><td rowspan="1">1356311176389</td><td rowspan="1">83</td></tr><tr class="passedeven"><td><a href="#m1">testGerman</a></td><td rowspan="1">1356311176473</td><td rowspan="1">2</td></tr><tr class="passedeven"><td><a href="#m2">testWithoutFormat</a></td><td rowspan="1">1356311176477</td><td rowspan="1">1</td></tr><tr class="passedeven"><td><a href="#m3">wrongUsageTest</a></td><td rowspan="1">1356311176479</td><td rowspan="1">2</td></tr></tbody></table><h2>Default test</h2><h3 id="m0">de.hackerspacebremen.transformer.SpeakingDateTransformerTest#testEnglish</h3><table class="result"></table><p class="totop"><a href="#summary">back to summary</a></p><h3 id="m1">de.hackerspacebremen.transformer.SpeakingDateTransformerTest#testGerman</h3><table class="result"></table><p class="totop"><a href="#summary">back to summary</a></p><h3 id="m2">de.hackerspacebremen.transformer.SpeakingDateTransformerTest#testWithoutFormat</h3><table class="result"></table><p class="totop"><a href="#summary">back to summary</a></p><h3 id="m3">de.hackerspacebremen.transformer.SpeakingDateTransformerTest#wrongUsageTest</h3><table class="result"><tr><th>Expected Exception</th></tr><tr><td><div class="stacktrace">flexjson.JSONException: Error trying to deepSerialize
	at flexjson.transformer.ObjectTransformer.transform(ObjectTransformer.java:61)
	at flexjson.transformer.TransformerWrapper.transform(TransformerWrapper.java:22)
	at flexjson.JSONContext.transform(JSONContext.java:73)
	at flexjson.JSONSerializer.serialize(JSONSerializer.java:377)
	at flexjson.JSONSerializer.serialize(JSONSerializer.java:235)
	at de.hackerspacebremen.transformer.SpeakingDateTransformerTest.wrongUsageTest(SpeakingDateTransformerTest.java:99)
	at sun.reflect.NativeMethodAccessorImpl.invoke0(Native Method)
	at sun.reflect.NativeMethodAccessorImpl.invoke(Unknown Source)
	at sun.reflect.DelegatingMethodAccessorImpl.invoke(Unknown Source)
	at java.lang.reflect.Method.invoke(Unknown Source)
	at org.testng.internal.MethodInvocationHelper.invokeMethod(MethodInvocationHelper.java:80)
	at org.testng.internal.Invoker.invokeMethod(Invoker.java:714)
	at org.testng.internal.Invoker.invokeTestMethod(Invoker.java:901)
	at org.testng.internal.Invoker.invokeTestMethods(Invoker.java:1231)
	at org.testng.internal.TestMethodWorker.invokeTestMethods(TestMethodWorker.java:128)
	at org.testng.internal.TestMethodWorker.run(TestMethodWorker.java:111)
	at org.testng.TestRunner.privateRun(TestRunner.java:767)
	at org.testng.TestRunner.run(TestRunner.java:617)
	at org.testng.SuiteRunner.runTest(SuiteRunner.java:334)
	at org.testng.SuiteRunner.runSequentially(SuiteRunner.java:329)
	at org.testng.SuiteRunner.privateRun(SuiteRunner.java:291)
	at org.testng.SuiteRunner.run(SuiteRunner.java:240)
	at org.testng.SuiteRunnerWorker.runSuite(SuiteRunnerWorker.java:52)
	at org.testng.SuiteRunnerWorker.run(SuiteRunnerWorker.java:86)
	at org.testng.TestNG.runSuitesSequentially(TestNG.java:1203)
	at org.testng.TestNG.runSuitesLocally(TestNG.java:1128)
	at org.testng.TestNG.run(TestNG.java:1036)
	at org.testng.remote.RemoteTestNG.run(RemoteTestNG.java:111)
	at org.testng.remote.RemoteTestNG.initAndRun(RemoteTestNG.java:204)
	at org.testng.remote.RemoteTestNG.main(RemoteTestNG.java:175)
Caused by: java.lang.ClassCastException: com.google.appengine.api.datastore.Text cannot be cast to java.lang.Long
	at de.hackerspacebremen.transformer.SpeakingDateTransformer.transform(SpeakingDateTransformer.java:76)
	at flexjson.transformer.TransformerWrapper.transform(TransformerWrapper.java:22)
	at flexjson.transformer.ObjectTransformer.transform(ObjectTransformer.java:49)
	... 29 more
</div></td></tr></table><p class="totop"><a href="#summary">back to summary</a></p></body></html>